[debug] [2023-11-04T03:59:22.612Z] ----------------------------------------------------------------------
[debug] [2023-11-04T03:59:22.615Z] Command:       C:\Program Files\nodejs\node.exe C:\Users\USER\AppData\Roaming\npm\node_modules\firebase-tools\lib\bin\firebase.js init
[debug] [2023-11-04T03:59:22.616Z] CLI Version:   12.8.0
[debug] [2023-11-04T03:59:22.617Z] Platform:      win32
[debug] [2023-11-04T03:59:22.618Z] Node Version:  v18.18.2
[debug] [2023-11-04T03:59:22.620Z] Time:          Sat Nov 04 2023 10:59:22 GMT+0700 (Western Indonesia Time)
[debug] [2023-11-04T03:59:22.621Z] ----------------------------------------------------------------------
[debug] 
[debug] [2023-11-04T03:59:22.630Z] >>> [apiv2][query] GET https://firebase-public.firebaseio.com/cli.json [none]
[debug] [2023-11-04T03:59:22.716Z] > command requires scopes: ["email","openid","https://www.googleapis.com/auth/cloudplatformprojects.readonly","https://www.googleapis.com/auth/firebase","https://www.googleapis.com/auth/cloud-platform"]
[debug] [2023-11-04T03:59:22.717Z] > authorizing via signed-in user (abi00kun@gmail.com)
[info] 
     ######## #### ########  ######## ########     ###     ######  ########
     ##        ##  ##     ## ##       ##     ##  ##   ##  ##       ##
     ######    ##  ########  ######   ########  #########  ######  ######
     ##        ##  ##    ##  ##       ##     ## ##     ##       ## ##
     ##       #### ##     ## ######## ########  ##     ##  ######  ########

You're about to initialize a Firebase project in this directory:

  C:\Users\USER\Documents\react\firebase

[debug] [2023-11-04T03:59:23.584Z] <<< [apiv2][status] GET https://firebase-public.firebaseio.com/cli.json 200
[debug] [2023-11-04T03:59:23.584Z] <<< [apiv2][body] GET https://firebase-public.firebaseio.com/cli.json {"cloudBuildErrorAfter":1594252800000,"cloudBuildWarnAfter":1590019200000,"defaultNode10After":1594252800000,"minVersion":"3.0.5","node8DeploysDisabledAfter":1613390400000,"node8RuntimeDisabledAfter":1615809600000,"node8WarnAfter":1600128000000}
